╔═════════════════════════════════════════════════════════════════╗
║        AI WORKSPACE INITIALIZATION LOG                          ║
╚═════════════════════════════════════════════════════════════════╝

Timestamp: 2026-03-08T02:36:40Z
Initialized by: init_ai_workspace.sh v3.0

ARCHIVOS CREADOS:


PRÓXIMOS PASOS:

1. CONFIGURAR AGENTES
   Editar: ai/agent_profiles.yaml
   Añadir lista de agentes autorizados con sus IDs

2. CREAR PRIMERA TAREA
   Editar: ai/tasks.yaml
   Añadir primera tarea con TASK-001

3. LLENAR CONTEXTO DEL PROYECTO
   Editar: ai/context.md
   Actualizar: QUÉ ES, OBJETIVO ACTUAL, ESTADO, REGLAS

4. CONOCIMIENTO BASE
   Editar: ai/knowledge/*.md
   Llenar overview, architecture, repo_map según proyecto

5. INITIALIZAR GIT
   bash:
     git add ai/
     git commit -m "chore: initialize AI workspace [SETUP]"
     git push origin main

6. VALIDAR
   bash:
     bash ai/scripts/validate_workspace.sh

DOCUMENTACIÓN COMPLETA:
  Ver /ai/git_workflow.md para protocolo de trabajo
  Ver especificación v6.0 FINAL para detalles complet

═════════════════════════════════════════════════════════════════
